<?xml version="1.0" encoding="UTF-8"?>
<testsuite xmlns:xsi="http://www.w3.org/2001/XMLSchema-instance" xsi:schemaLocation="https://maven.apache.org/surefire/maven-surefire-plugin/xsd/surefire-test-report.xsd" name="runner.TestRunner" time="105.554" tests="22" errors="0" skipped="0" failures="0">
  <properties>
    <property name="java.runtime.name" value="Java(TM) SE Runtime Environment"/>
    <property name="java.vm.version" value="11.0.11+9-LTS-194"/>
    <property name="sun.boot.library.path" value="C:\Program Files\Java\jdk-11.0.11\bin"/>
    <property name="maven.multiModuleProjectDirectory" value="C:\Users\Sgots\Documents\webautomation"/>
    <property name="java.vm.vendor" value="Oracle Corporation"/>
    <property name="java.vendor.url" value="https://openjdk.java.net/"/>
    <property name="guice.disable.misplaced.annotation.check" value="true"/>
    <property name="path.separator" value=";"/>
    <property name="java.vm.name" value="Java HotSpot(TM) 64-Bit Server VM"/>
    <property name="sun.os.patch.level" value=""/>
    <property name="user.script" value=""/>
    <property name="user.country" value="US"/>
    <property name="sun.java.launcher" value="SUN_STANDARD"/>
    <property name="java.vm.specification.name" value="Java Virtual Machine Specification"/>
    <property name="user.dir" value="C:\Users\Sgots\Documents\webautomation"/>
    <property name="java.vm.compressedOopsMode" value="32-bit"/>
    <property name="java.runtime.version" value="11.0.11+9-LTS-194"/>
    <property name="java.awt.graphicsenv" value="sun.awt.Win32GraphicsEnvironment"/>
    <property name="os.arch" value="amd64"/>
    <property name="java.io.tmpdir" value="C:\Users\Sgots\AppData\Local\Temp\"/>
    <property name="line.separator" value="&#10;"/>
    <property name="java.vm.specification.vendor" value="Oracle Corporation"/>
    <property name="user.variant" value=""/>
    <property name="os.name" value="Windows 10"/>
    <property name="classworlds.conf" value="C:\opt\apache-maven-3.8.1\bin\..\bin\m2.conf"/>
    <property name="sun.jnu.encoding" value="Cp1252"/>
    <property name="java.library.path" value="C:\Program Files\Java\jdk-11.0.11\bin;C:\Windows\Sun\Java\bin;C:\Windows\system32;C:\Windows;C:\Windows\system32;C:\Windows;C:\Windows\System32\Wbem;C:\Windows\System32\WindowsPowerShell\v1.0\;C:\Windows\System32\OpenSSH\;C:\Program Files\dotnet\;C:\Program Files\Microsoft SQL Server\130\Tools\Binn\;C:\Program Files\Microsoft SQL Server\Client SDK\ODBC\170\Tools\Binn\;C:\Program Files (x86)\Microsoft SQL Server\150\Tools\Binn\;C:\Program Files\Microsoft SQL Server\150\Tools\Binn\;C:\Program Files\Microsoft SQL Server\150\DTS\Binn\;C:\Program Files\Git\cmd;C:\Program Files\Java\jdk-11.0.11\bin;C:\opt\apache-maven-3.8.1\bin;C:\Users\Sgots\AppData\Local\Microsoft\WindowsApps;;C:\Program Files\JetBrains\IntelliJ IDEA 2020.3\bin;;C:\Users\Sgots\.dotnet\tools;."/>
    <property name="maven.conf" value="C:\opt\apache-maven-3.8.1\bin\../conf"/>
    <property name="jdk.debug" value="release"/>
    <property name="java.class.version" value="55.0"/>
    <property name="java.specification.name" value="Java Platform API Specification"/>
    <property name="sun.management.compiler" value="HotSpot 64-Bit Tiered Compilers"/>
    <property name="os.version" value="10.0"/>
    <property name="library.jansi.path" value="C:\opt\apache-maven-3.8.1\bin\..\lib\jansi-native"/>
    <property name="user.home" value="C:\Users\Sgots"/>
    <property name="user.timezone" value="Africa/Harare"/>
    <property name="java.awt.printerjob" value="sun.awt.windows.WPrinterJob"/>
    <property name="file.encoding" value="Cp1252"/>
    <property name="java.specification.version" value="11"/>
    <property name="user.name" value="Sgots"/>
    <property name="java.class.path" value="C:\opt\apache-maven-3.8.1\bin\..\boot\plexus-classworlds-2.6.0.jar"/>
    <property name="java.vm.specification.version" value="11"/>
    <property name="sun.arch.data.model" value="64"/>
    <property name="sun.java.command" value="org.codehaus.plexus.classworlds.launcher.Launcher clean test"/>
    <property name="java.home" value="C:\Program Files\Java\jdk-11.0.11"/>
    <property name="user.language" value="en"/>
    <property name="java.specification.vendor" value="Oracle Corporation"/>
    <property name="awt.toolkit" value="sun.awt.windows.WToolkit"/>
    <property name="java.vm.info" value="mixed mode"/>
    <property name="java.version" value="11.0.11"/>
    <property name="java.vendor" value="Oracle Corporation"/>
    <property name="sun.stderr.encoding" value="cp437"/>
    <property name="maven.home" value="C:\opt\apache-maven-3.8.1\bin\.."/>
    <property name="file.separator" value="\"/>
    <property name="java.version.date" value="2021-04-20"/>
    <property name="java.vendor.url.bug" value="https://bugreport.java.com/bugreport/"/>
    <property name="sun.io.unicode.encoding" value="UnicodeLittle"/>
    <property name="sun.cpu.endian" value="little"/>
    <property name="java.vendor.version" value="18.9"/>
    <property name="sun.stdout.encoding" value="cp437"/>
    <property name="sun.desktop" value="windows"/>
    <property name="sun.cpu.isalist" value="amd64"/>
  </properties>
  <testcase name="Given User is on Homepage of the application" classname="Scenario: Verify successful placement of any order" time="0.005"/>
  <testcase name="When User navigates to login page" classname="Scenario: Verify successful placement of any order" time="0"/>
  <testcase name="When User fills registration details" classname="Scenario: Verify successful placement of any order" time="0"/>
  <testcase name="Then Verify registered user on homepage" classname="Scenario: Verify successful placement of any order" time="0"/>
  <testcase name="When User selects &quot;Printed Summer Dress&quot; from homepage" classname="Scenario: Verify successful placement of any order" time="0"/>
  <testcase name="Then Verify selected product on the product detail page" classname="Scenario: Verify successful placement of any order" time="0"/>
  <testcase name="When User adds item to the cart from product detail page" classname="Scenario: Verify successful placement of any order" time="0"/>
  <testcase name="Then Verify &quot;Printed Summer Dress&quot; product on cart page" classname="Scenario: Verify successful placement of any order" time="0"/>
  <testcase name="When User proceeds to checkout from Cart page" classname="Scenario: Verify successful placement of any order" time="0.014"/>
  <testcase name="Then User verifies product details on Summary page" classname="Scenario: Verify successful placement of any order" time="0.002"/>
  <testcase name="When User clicks on proceed to checkout button on Summary page" classname="Scenario: Verify successful placement of any order" time="0"/>
  <testcase name="Then Verify &quot;Billing Address&quot; address on Address confirmation page" classname="Scenario: Verify successful placement of any order" time="0"/>
  <testcase name="Then User clicks on proceed to checkout button on Address confirmation page" classname="Scenario: Verify successful placement of any order" time="0"/>
  <testcase name="Then Verify terms of service on Shipping page" classname="Scenario: Verify successful placement of any order" time="0"/>
  <testcase name="And User click on agree button on Shipping page" classname="Scenario: Verify successful placement of any order" time="0"/>
  <testcase name="And User click on proceed to checkout on Shipping page" classname="Scenario: Verify successful placement of any order" time="0"/>
  <testcase name="And Verify product details on Payment page" classname="Scenario: Verify successful placement of any order" time="0"/>
  <testcase name="When select &quot;Pay by check&quot; as payment method on Payment page" classname="Scenario: Verify successful placement of any order" time="0"/>
  <testcase name="Then Verify selected payment method on payment page" classname="Scenario: Verify successful placement of any order" time="0"/>
  <testcase name="When User clicks on confirm my order button on payment page" classname="Scenario: Verify successful placement of any order" time="0"/>
  <testcase name="Then Verify order details on order confirmation page" classname="Scenario: Verify successful placement of any order" time="0"/>
  <testcase name="Scenario: Verify successful placement of any order" classname="Scenario: Verify successful placement of any order" time="1.576"/>
</testsuite>